# JRE version: Java(TM) SE Runtime Environment (8.0_161-b12) (build 1.8.0_161-b12)
# Java VM: Java HotSpot(TM) 64-Bit Server VM (25.161-b12 mixed mode windows-amd64 compressed oops)
Heap:
 PSYoungGen      total 190976K, used 22552K [0x00000000d5d00000, 0x00000000e2980000, 0x0000000100000000)
  eden space 175104K, 5% used [0x00000000d5d00000,0x00000000d65944a0,0x00000000e0800000)
  from space 15872K, 86% used [0x00000000e0a80000,0x00000000e17f1ed8,0x00000000e1a00000)
  to   space 7168K, 0% used [0x00000000e2280000,0x00000000e2280000,0x00000000e2980000)
 ParOldGen       total 86016K, used 21788K [0x0000000081600000, 0x0000000086a00000, 0x00000000d5d00000)
  object space 86016K, 25% used [0x0000000081600000,0x0000000082b47028,0x0000000086a00000)
 Metaspace       used 43255K, capacity 44988K, committed 45184K, reserved 1087488K
  class space    used 5811K, capacity 6149K, committed 6272K, reserved 1048576K
GC Heap History (10 events):
Event: 7.190 GC heap before
{Heap before GC invocations=7 (full 1):
 PSYoungGen      total 71680K, used 71666K [0x00000000d5d00000, 0x00000000de280000, 0x0000000100000000)
  eden space 66560K, 100% used [0x00000000d5d00000,0x00000000d9e00000,0x00000000d9e00000)
  from space 5120K, 99% used [0x00000000d9e00000,0x00000000da2fc9d8,0x00000000da300000)
  to   space 10752K, 0% used [0x00000000dd800000,0x00000000dd800000,0x00000000de280000)
 ParOldGen       total 53248K, used 11823K [0x0000000081600000, 0x0000000084a00000, 0x00000000d5d00000)
  object space 53248K, 22% used [0x0000000081600000,0x000000008218bf38,0x0000000084a00000)
 Metaspace       used 28132K, capacity 29074K, committed 29440K, reserved 1075200K
  class space    used 3760K, capacity 3993K, committed 4096K, reserved 1048576K
Event: 7.209 GC heap after
Heap after GC invocations=7 (full 1):
 PSYoungGen      total 122880K, used 10728K [0x00000000d5d00000, 0x00000000de380000, 0x0000000100000000)
  eden space 112128K, 0% used [0x00000000d5d00000,0x00000000d5d00000,0x00000000dca80000)
  from space 10752K, 99% used [0x00000000dd800000,0x00000000de27a048,0x00000000de280000)
  to   space 12800K, 0% used [0x00000000dca80000,0x00000000dca80000,0x00000000dd700000)
 ParOldGen       total 53248K, used 12737K [0x0000000081600000, 0x0000000084a00000, 0x00000000d5d00000)
  object space 53248K, 23% used [0x0000000081600000,0x0000000082270510,0x0000000084a00000)
 Metaspace       used 28132K, capacity 29074K, committed 29440K, reserved 1075200K
  class space    used 3760K, capacity 3993K, committed 4096K, reserved 1048576K
}
Event: 8.349 GC heap before
{Heap before GC invocations=8 (full 1):
 PSYoungGen      total 122880K, used 118550K [0x00000000d5d00000, 0x00000000de380000, 0x0000000100000000)
  eden space 112128K, 96% used [0x00000000d5d00000,0x00000000dc64b7f8,0x00000000dca80000)
  from space 10752K, 99% used [0x00000000dd800000,0x00000000de27a048,0x00000000de280000)
  to   space 12800K, 0% used [0x00000000dca80000,0x00000000dca80000,0x00000000dd700000)
 ParOldGen       total 53248K, used 12737K [0x0000000081600000, 0x0000000084a00000, 0x00000000d5d00000)
  object space 53248K, 23% used [0x0000000081600000,0x0000000082270510,0x0000000084a00000)
 Metaspace       used 34246K, capacity 35478K, committed 35496K, reserved 1079296K
  class space    used 4603K, capacity 4849K, committed 4864K, reserved 1048576K
Event: 8.367 GC heap after
Heap after GC invocations=8 (full 1):
 PSYoungGen      total 124928K, used 12781K [0x00000000d5d00000, 0x00000000e3280000, 0x0000000100000000)
  eden space 112128K, 0% used [0x00000000d5d00000,0x00000000d5d00000,0x00000000dca80000)
  from space 12800K, 99% used [0x00000000dca80000,0x00000000dd6fb5b0,0x00000000dd700000)
  to   space 16384K, 0% used [0x00000000e2280000,0x00000000e2280000,0x00000000e3280000)
 ParOldGen       total 53248K, used 16230K [0x0000000081600000, 0x0000000084a00000, 0x00000000d5d00000)
  object space 53248K, 30% used [0x0000000081600000,0x00000000825d9bb0,0x0000000084a00000)
 Metaspace       used 34246K, capacity 35478K, committed 35496K, reserved 1079296K
  class space    used 4603K, capacity 4849K, committed 4864K, reserved 1048576K
}
Event: 8.367 GC heap before
{Heap before GC invocations=9 (full 2):
 PSYoungGen      total 124928K, used 12781K [0x00000000d5d00000, 0x00000000e3280000, 0x0000000100000000)
  eden space 112128K, 0% used [0x00000000d5d00000,0x00000000d5d00000,0x00000000dca80000)
  from space 12800K, 99% used [0x00000000dca80000,0x00000000dd6fb5b0,0x00000000dd700000)
  to   space 16384K, 0% used [0x00000000e2280000,0x00000000e2280000,0x00000000e3280000)
 ParOldGen       total 53248K, used 16230K [0x0000000081600000, 0x0000000084a00000, 0x00000000d5d00000)
  object space 53248K, 30% used [0x0000000081600000,0x00000000825d9bb0,0x0000000084a00000)
 Metaspace       used 34246K, capacity 35478K, committed 35496K, reserved 1079296K
  class space    used 4603K, capacity 4849K, committed 4864K, reserved 1048576K
Event: 8.450 GC heap after
Heap after GC invocations=9 (full 2):
 PSYoungGen      total 124928K, used 0K [0x00000000d5d00000, 0x00000000e3280000, 0x0000000100000000)
  eden space 112128K, 0% used [0x00000000d5d00000,0x00000000d5d00000,0x00000000dca80000)
  from space 12800K, 0% used [0x00000000dca80000,0x00000000dca80000,0x00000000dd700000)
  to   space 16384K, 0% used [0x00000000e2280000,0x00000000e2280000,0x00000000e3280000)
 ParOldGen       total 86016K, used 21772K [0x0000000081600000, 0x0000000086a00000, 0x00000000d5d00000)
  object space 86016K, 25% used [0x0000000081600000,0x0000000082b43028,0x0000000086a00000)
 Metaspace       used 34246K, capacity 35478K, committed 35496K, reserved 1079296K
  class space    used 4603K, capacity 4849K, committed 4864K, reserved 1048576K
}
Event: 9.576 GC heap before
{Heap before GC invocations=10 (full 2):
 PSYoungGen      total 124928K, used 112128K [0x00000000d5d00000, 0x00000000e3280000, 0x0000000100000000)
  eden space 112128K, 100% used [0x00000000d5d00000,0x00000000dca80000,0x00000000dca80000)
  from space 12800K, 0% used [0x00000000dca80000,0x00000000dca80000,0x00000000dd700000)
  to   space 16384K, 0% used [0x00000000e2280000,0x00000000e2280000,0x00000000e3280000)
 ParOldGen       total 86016K, used 21772K [0x0000000081600000, 0x0000000086a00000, 0x00000000d5d00000)
  object space 86016K, 25% used [0x0000000081600000,0x0000000082b43028,0x0000000086a00000)
 Metaspace       used 37716K, capacity 39082K, committed 39168K, reserved 1083392K
  class space    used 5035K, capacity 5313K, committed 5376K, reserved 1048576K
Event: 9.586 GC heap after
Heap after GC invocations=10 (full 2):
 PSYoungGen      total 182272K, used 6700K [0x00000000d5d00000, 0x00000000e2980000, 0x0000000100000000)
  eden space 175104K, 0% used [0x00000000d5d00000,0x00000000d5d00000,0x00000000e0800000)
  from space 7168K, 93% used [0x00000000e2280000,0x00000000e290b290,0x00000000e2980000)
  to   space 15872K, 0% used [0x00000000e0a80000,0x00000000e0a80000,0x00000000e1a00000)
 ParOldGen       total 86016K, used 21780K [0x0000000081600000, 0x0000000086a00000, 0x00000000d5d00000)
  object space 86016K, 25% used [0x0000000081600000,0x0000000082b45028,0x0000000086a00000)
 Metaspace       used 37716K, capacity 39082K, committed 39168K, reserved 1083392K
  class space    used 5035K, capacity 5313K, committed 5376K, reserved 1048576K
}
Event: 38.911 GC heap before
{Heap before GC invocations=11 (full 2):
 PSYoungGen      total 182272K, used 181804K [0x00000000d5d00000, 0x00000000e2980000, 0x0000000100000000)
  eden space 175104K, 100% used [0x00000000d5d00000,0x00000000e0800000,0x00000000e0800000)
  from space 7168K, 93% used [0x00000000e2280000,0x00000000e290b290,0x00000000e2980000)
  to   space 15872K, 0% used [0x00000000e0a80000,0x00000000e0a80000,0x00000000e1a00000)
 ParOldGen       total 86016K, used 21780K [0x0000000081600000, 0x0000000086a00000, 0x00000000d5d00000)
  object space 86016K, 25% used [0x0000000081600000,0x0000000082b45028,0x0000000086a00000)
 Metaspace       used 42766K, capacity 44408K, committed 44544K, reserved 1087488K
  class space    used 5736K, capacity 6041K, committed 6144K, reserved 1048576K
Event: 38.942 GC heap after
Heap after GC invocations=11 (full 2):
 PSYoungGen      total 190976K, used 13767K [0x00000000d5d00000, 0x00000000e2980000, 0x0000000100000000)
  eden space 175104K, 0% used [0x00000000d5d00000,0x00000000d5d00000,0x00000000e0800000)
  from space 15872K, 86% used [0x00000000e0a80000,0x00000000e17f1ed8,0x00000000e1a00000)
  to   space 7168K, 0% used [0x00000000e2280000,0x00000000e2280000,0x00000000e2980000)
 ParOldGen       total 86016K, used 21788K [0x0000000081600000, 0x0000000086a00000, 0x00000000d5d00000)
  object space 86016K, 25% used [0x0000000081600000,0x0000000082b47028,0x0000000086a00000)
 Metaspace       used 42766K, capacity 44408K, committed 44544K, reserved 1087488K
  class space    used 5736K, capacity 6041K, committed 6144K, reserved 1048576K
}

